[26Jun2025 00:00:33.368] [Server thread/INFO] [net.minecraft.world.entity.npc.Villager/]: Villager Villager['Villager'/11557, l='ServerLevel[world]', x=120.56, y=121.00, z=-968.37] died, message: 'Villager was shot by Pillager'
[26Jun2025 00:02:05.211] [Server thread/INFO] [net.minecraft.server.MinecraftServer/]: DjstevenZ has made the advancement [Suit Up]
[26Jun2025 00:03:01.653] [Server thread/INFO] [net.minecraft.world.entity.npc.Villager/]: Villager Villager['Villager'/11559, l='ServerLevel[world]', x=119.58, y=121.00, z=-967.41] died, message: 'Villager was shot by Pillager'
[26Jun2025 00:03:05.052] [Server thread/INFO] [net.minecraft.server.MinecraftServer/]: DjstevenZ has made the advancement [Not Today, Thank You]
[26Jun2025 00:03:07.261] [Server thread/INFO] [net.minecraft.server.MinecraftServer/]: DjstevenZ has made the advancement [Knowledge of Death]
[26Jun2025 00:03:07.262] [Server thread/INFO] [net.minecraft.server.MinecraftServer/]: DjstevenZ has made the advancement [Ambush]
[26Jun2025 00:05:18.211] [Server thread/INFO] [net.minecraft.server.MinecraftServer/]: DjstevenZ has made the advancement [Sweet Dreams]
[26Jun2025 00:06:32.051] [Server thread/WARN] [tombstone/]: The death event of the player DjstevenZ was canceled by another mod
[26Jun2025 00:06:32.060] [Server thread/INFO] [tombstone/]: The player DjstevenZ has successfully been saved
[26Jun2025 00:06:32.245] [Server thread/INFO] [net.minecraft.world.entity.npc.Villager/]: Villager Villager['Villager'/11459, l='ServerLevel[world]', x=119.59, y=133.00, z=-952.30] died, message: 'Villager was slain by Zombie'
[26Jun2025 00:06:38.698] [Server thread/INFO] [net.minecraft.world.entity.npc.Villager/]: Villager Villager['Villager'/11315, l='ServerLevel[world]', x=112.88, y=128.42, z=-946.70] died, message: 'Villager was slain by Zombie'
[26Jun2025 00:06:39.966] [Server thread/INFO] [net.minecraft.server.MinecraftServer/]: DjstevenZ was shot by Skeleton
[26Jun2025 00:07:00.249] [Server thread/WARN] [net.minecraft.server.network.ServerGamePacketListenerImpl/]: DjstevenZ was kicked for floating too long!
[26Jun2025 00:07:00.250] [Server thread/INFO] [net.minecraft.server.network.ServerGamePacketListenerImpl/]: DjstevenZ lost connection: Flying is not enabled on this server
[26Jun2025 00:07:00.250] [Server thread/INFO] [net.minecraft.server.MinecraftServer/]: DjstevenZ left the game
[26Jun2025 00:07:00.306] [Server thread/WARN] [net.minecraft.network.Connection/]: handleDisconnection() called twice
[26Jun2025 00:07:24.003] [Server thread/INFO] [net.minecraft.server.players.PlayerList/]: DjstevenZ[/172.23.57.170:50776] logged in with entity id 17851 at (135.86848983282397, 106.99351747702873, -966.8305853595479)
[26Jun2025 00:07:24.007] [Server thread/INFO] [net.minecraft.server.MinecraftServer/]: DjstevenZ joined the game
[26Jun2025 00:07:37.016] [Server thread/INFO] [net.minecraft.server.MinecraftServer/]: DjstevenZ has reached the goal [Discreet Search]
[26Jun2025 00:07:59.207] [Server thread/INFO] [net.minecraft.server.MinecraftServer/]: [Not Secure] <FabianTc> w
[26Jun2025 00:10:15.071] [Server thread/INFO] [net.minecraft.server.MinecraftServer/]: V44nxx has made the advancement [Who is Cutting Onions?]
[26Jun2025 00:11:08.810] [Server thread/INFO] [net.minecraft.server.players.PlayerList/]: Jd_tnx[/172.23.112.251:49700] logged in with entity id 21343 at (-8.5, 78.0, -40.5)
[26Jun2025 00:11:08.814] [Server thread/INFO] [net.minecraft.server.MinecraftServer/]: Jd_tnx joined the game
[26Jun2025 00:11:55.302] [Server thread/INFO] [net.minecraft.server.MinecraftServer/]: [Not Secure] <FabianTc> dj dentre a dc
[26Jun2025 00:12:35.608] [Server thread/INFO] [net.minecraft.server.MinecraftServer/]: Jd_tnx has made the advancement [Stone Age]
[26Jun2025 00:12:59.652] [Server thread/INFO] [net.minecraft.server.MinecraftServer/]: Jd_tnx has made the advancement [Getting an Upgrade]
[26Jun2025 00:15:08.222] [Server thread/INFO] [net.minecraft.server.MinecraftServer/]: Jd_tnx has made the advancement [Monster Hunter]
[26Jun2025 00:15:49.390] [Worker-Main-3/ERROR] [net.minecraft.world.entity.decoration.HangingEntity/]: Hanging entity at invalid position: BlockPos{x=-418, y=-50, z=-208}
[26Jun2025 00:15:49.401] [Worker-Main-3/ERROR] [net.minecraft.world.entity.decoration.HangingEntity/]: Hanging entity at invalid position: BlockPos{x=-176, y=-50, z=-133}
[26Jun2025 00:15:49.401] [Worker-Main-3/ERROR] [net.minecraft.world.entity.decoration.HangingEntity/]: Hanging entity at invalid position: BlockPos{x=-172, y=-50, z=-135}
[26Jun2025 00:15:49.410] [Worker-Main-3/ERROR] [net.minecraft.world.entity.decoration.HangingEntity/]: Hanging entity at invalid position: BlockPos{x=-283, y=-56, z=-275}
[26Jun2025 00:15:49.422] [Worker-Main-3/ERROR] [net.minecraft.world.level.block.entity.SculkShriekerBlockEntity/]: No key selector in MapLike[{event_delay:0,event_distance:0.0f,range:8,source:{pos:[I;-425,-56,-205],type:"minecraft:block"}}]
[26Jun2025 00:15:49.430] [Worker-Main-3/ERROR] [net.minecraft.world.entity.decoration.HangingEntity/]: Hanging entity at invalid position: BlockPos{x=-185, y=-46, z=-142}
[26Jun2025 00:15:51.995] [Worker-Main-3/ERROR] [net.minecraft.world.entity.decoration.HangingEntity/]: Hanging entity at invalid position: BlockPos{x=-423, y=-50, z=-211}
[26Jun2025 00:15:52.001] [Worker-Main-3/ERROR] [net.minecraft.world.entity.decoration.HangingEntity/]: Hanging entity at invalid position: BlockPos{x=-187, y=-46, z=-151}
[26Jun2025 00:15:52.001] [Worker-Main-3/ERROR] [net.minecraft.world.entity.decoration.HangingEntity/]: Hanging entity at invalid position: BlockPos{x=-187, y=-46, z=-143}
[26Jun2025 00:15:52.008] [Worker-Main-3/ERROR] [net.minecraft.world.entity.decoration.HangingEntity/]: Hanging entity at invalid position: BlockPos{x=-289, y=-57, z=-281}
[26Jun2025 00:15:52.008] [Worker-Main-3/ERROR] [net.minecraft.world.entity.decoration.HangingEntity/]: Hanging entity at invalid position: BlockPos{x=-287, y=-56, z=-283}
[26Jun2025 00:15:52.008] [Worker-Main-3/ERROR] [net.minecraft.world.entity.decoration.HangingEntity/]: Hanging entity at invalid position: BlockPos{x=-287, y=-57, z=-283}
[26Jun2025 00:15:52.017] [Worker-Main-1/ERROR] [net.minecraft.world.entity.decoration.HangingEntity/]: Hanging entity at invalid position: BlockPos{x=-420, y=-50, z=-211}
[26Jun2025 00:15:52.017] [Worker-Main-1/ERROR] [net.minecraft.world.entity.decoration.HangingEntity/]: Hanging entity at invalid position: BlockPos{x=-413, y=-49, z=-217}
[26Jun2025 00:15:52.029] [Worker-Main-1/ERROR] [net.minecraft.world.entity.decoration.HangingEntity/]: Hanging entity at invalid position: BlockPos{x=-281, y=-50, z=-279}
[26Jun2025 00:15:52.029] [Worker-Main-1/ERROR] [net.minecraft.world.entity.decoration.HangingEntity/]: Hanging entity at invalid position: BlockPos{x=-281, y=-57, z=-280}
[26Jun2025 00:16:04.179] [Server thread/INFO] [net.minecraft.server.MinecraftServer/]: V44nxx has made the advancement [Back to childhood]
[26Jun2025 00:16:04.180] [Server thread/INFO] [net.minecraft.server.MinecraftServer/]: V44nxx has made the advancement [Not even afraid of death]
[26Jun2025 00:17:16.909] [Server thread/INFO] [net.minecraft.server.MinecraftServer/]: DjstevenZ has made the advancement [A Strange Grave Dust]
[26Jun2025 00:23:10.708] [Server thread/INFO] [net.minecraft.server.MinecraftServer/]: Jd_tnx has made the advancement [Ice Bucket Challenge]
[26Jun2025 00:23:20.211] [Server thread/INFO] [net.minecraft.server.MinecraftServer/]: Jd_tnx has made the advancement [Acquire Hardware]
[26Jun2025 00:27:01.615] [Server thread/INFO] [net.minecraft.server.players.PlayerList/]: ShonA[/172.23.68.227:60356] logged in with entity id 34192 at (127.11517118075943, 209.0, -4737.487500011921)
[26Jun2025 00:27:01.619] [Server thread/INFO] [net.minecraft.server.MinecraftServer/]: ShonA joined the game
[26Jun2025 00:27:13.159] [Server thread/INFO] [net.minecraft.server.MinecraftServer/]: Jd_tnx has made the advancement [Not Today, Thank You]
[26Jun2025 00:27:21.813] [Server thread/WARN] [net.minecraft.server.network.ServerGamePacketListenerImpl/]: ShonA moved too quickly! 0.05646665057402345,-11.213403912871314,-0.005524965223230538
[26Jun2025 00:27:25.169] [Server thread/WARN] [net.minecraft.server.network.ServerGamePacketListenerImpl/]: ShonA was kicked for floating too long!
[26Jun2025 00:27:25.217] [Server thread/INFO] [net.minecraft.server.network.ServerGamePacketListenerImpl/]: ShonA lost connection: Flying is not enabled on this server
[26Jun2025 00:27:25.217] [Server thread/INFO] [net.minecraft.server.MinecraftServer/]: ShonA left the game
[26Jun2025 00:27:43.315] [Server thread/INFO] [net.minecraft.server.players.PlayerList/]: ShonA[/172.23.68.227:60383] logged in with entity id 34857 at (126.31940435902234, 190.0913255890728, -4738.702762470691)
[26Jun2025 00:27:43.319] [Server thread/INFO] [net.minecraft.server.MinecraftServer/]: ShonA joined the game
[26Jun2025 00:27:46.483] [Server thread/WARN] [net.minecraft.server.network.ServerGamePacketListenerImpl/]: ShonA moved too quickly! 0.0,-10.867409983895072,0.0
[26Jun2025 00:27:48.861] [Server thread/WARN] [net.minecraft.server.network.ServerGamePacketListenerImpl/]: ShonA was kicked for floating too long!
[26Jun2025 00:27:48.922] [Server thread/WARN] [net.minecraft.server.network.ServerGamePacketListenerImpl/]: ShonA was kicked for floating too long!
[26Jun2025 00:27:48.965] [Server thread/WARN] [net.minecraft.server.network.ServerGamePacketListenerImpl/]: ShonA was kicked for floating too long!
[26Jun2025 00:27:49.009] [Server thread/WARN] [net.minecraft.server.network.ServerGamePacketListenerImpl/]: ShonA was kicked for floating too long!
[26Jun2025 00:27:49.064] [Server thread/WARN] [net.minecraft.server.network.ServerGamePacketListenerImpl/]: ShonA was kicked for floating too long!
[26Jun2025 00:27:49.113] [Server thread/WARN] [net.minecraft.server.network.ServerGamePacketListenerImpl/]: ShonA was kicked for floating too long!
[26Jun2025 00:27:49.159] [Server thread/WARN] [net.minecraft.server.network.ServerGamePacketListenerImpl/]: ShonA was kicked for floating too long!
[26Jun2025 00:27:49.208] [Server thread/WARN] [net.minecraft.server.network.ServerGamePacketListenerImpl/]: ShonA was kicked for floating too long!
[26Jun2025 00:27:49.267] [Server thread/WARN] [net.minecraft.server.network.ServerGamePacketListenerImpl/]: ShonA was kicked for floating too long!
[26Jun2025 00:27:49.315] [Server thread/WARN] [net.minecraft.server.network.ServerGamePacketListenerImpl/]: ShonA was kicked for floating too long!
[26Jun2025 00:27:49.362] [Server thread/WARN] [net.minecraft.server.network.ServerGamePacketListenerImpl/]: ShonA was kicked for floating too long!
[26Jun2025 00:27:49.414] [Server thread/WARN] [net.minecraft.server.network.ServerGamePacketListenerImpl/]: ShonA was kicked for floating too long!
[26Jun2025 00:27:49.466] [Server thread/WARN] [net.minecraft.server.network.ServerGamePacketListenerImpl/]: ShonA was kicked for floating too long!
[26Jun2025 00:27:49.514] [Server thread/WARN] [net.minecraft.server.network.ServerGamePacketListenerImpl/]: ShonA was kicked for floating too long!
[26Jun2025 00:27:49.567] [Server thread/WARN] [net.minecraft.server.network.ServerGamePacketListenerImpl/]: ShonA was kicked for floating too long!
[26Jun2025 00:27:49.614] [Server thread/WARN] [net.minecraft.server.network.ServerGamePacketListenerImpl/]: ShonA was kicked for floating too long!
[26Jun2025 00:27:49.664] [Server thread/WARN] [net.minecraft.server.network.ServerGamePacketListenerImpl/]: ShonA was kicked for floating too long!
[26Jun2025 00:27:49.713] [Server thread/WARN] [net.minecraft.server.network.ServerGamePacketListenerImpl/]: ShonA was kicked for floating too long!
[26Jun2025 00:27:49.767] [Server thread/WARN] [net.minecraft.server.network.ServerGamePacketListenerImpl/]: ShonA was kicked for floating too long!
[26Jun2025 00:27:49.811] [Server thread/WARN] [net.minecraft.server.network.ServerGamePacketListenerImpl/]: ShonA was kicked for floating too long!
[26Jun2025 00:27:49.863] [Server thread/WARN] [net.minecraft.server.network.ServerGamePacketListenerImpl/]: ShonA was kicked for floating too long!
[26Jun2025 00:27:49.911] [Server thread/WARN] [net.minecraft.server.network.ServerGamePacketListenerImpl/]: ShonA was kicked for floating too long!
[26Jun2025 00:27:49.959] [Server thread/WARN] [net.minecraft.server.network.ServerGamePacketListenerImpl/]: ShonA was kicked for floating too long!
[26Jun2025 00:27:50.009] [Server thread/WARN] [net.minecraft.server.network.ServerGamePacketListenerImpl/]: ShonA was kicked for floating too long!
[26Jun2025 00:27:50.063] [Server thread/WARN] [net.minecraft.server.network.ServerGamePacketListenerImpl/]: ShonA was kicked for floating too long!
[26Jun2025 00:27:50.116] [Server thread/WARN] [net.minecraft.server.network.ServerGamePacketListenerImpl/]: ShonA was kicked for floating too long!
[26Jun2025 00:27:50.167] [Server thread/WARN] [net.minecraft.server.network.ServerGamePacketListenerImpl/]: ShonA was kicked for floating too long!
[26Jun2025 00:27:50.212] [Server thread/WARN] [net.minecraft.server.network.ServerGamePacketListenerImpl/]: ShonA was kicked for floating too long!
[26Jun2025 00:27:50.263] [Server thread/WARN] [net.minecraft.server.network.ServerGamePacketListenerImpl/]: ShonA was kicked for floating too long!
[26Jun2025 00:27:50.311] [Server thread/WARN] [net.minecraft.server.network.ServerGamePacketListenerImpl/]: ShonA was kicked for floating too long!
[26Jun2025 00:27:50.369] [Server thread/WARN] [net.minecraft.server.network.ServerGamePacketListenerImpl/]: ShonA was kicked for floating too long!
[26Jun2025 00:27:50.413] [Server thread/INFO] [net.minecraft.server.network.ServerGamePacketListenerImpl/]: ShonA lost connection: Flying is not enabled on this server
[26Jun2025 00:27:50.413] [Server thread/INFO] [net.minecraft.server.MinecraftServer/]: ShonA left the game
[26Jun2025 00:28:07.868] [Server thread/INFO] [net.minecraft.server.players.PlayerList/]: ShonA[/172.23.68.227:60404] logged in with entity id 35346 at (126.31940435902234, 165.00799078090648, -4738.702762470691)
[26Jun2025 00:28:07.872] [Server thread/INFO] [net.minecraft.server.MinecraftServer/]: ShonA joined the game
[26Jun2025 00:28:11.084] [Server thread/WARN] [net.minecraft.server.network.ServerGamePacketListenerImpl/]: ShonA moved too quickly! 1.0665686816035418,-10.81159662925478,-0.016563734783630935
[26Jun2025 00:28:13.611] [Server thread/WARN] [net.minecraft.server.network.ServerGamePacketListenerImpl/]: ShonA was kicked for floating too long!
[26Jun2025 00:28:13.661] [Server thread/WARN] [net.minecraft.server.network.ServerGamePacketListenerImpl/]: ShonA was kicked for floating too long!
[26Jun2025 00:28:13.715] [Server thread/WARN] [net.minecraft.server.network.ServerGamePacketListenerImpl/]: ShonA was kicked for floating too long!
[26Jun2025 00:28:13.764] [Server thread/WARN] [net.minecraft.server.network.ServerGamePacketListenerImpl/]: ShonA was kicked for floating too long!
[26Jun2025 00:28:13.815] [Server thread/WARN] [net.minecraft.server.network.ServerGamePacketListenerImpl/]: ShonA was kicked for floating too long!
[26Jun2025 00:28:13.866] [Server thread/WARN] [net.minecraft.server.network.ServerGamePacketListenerImpl/]: ShonA was kicked for floating too long!
[26Jun2025 00:28:13.920] [Server thread/WARN] [net.minecraft.server.network.ServerGamePacketListenerImpl/]: ShonA was kicked for floating too long!
[26Jun2025 00:28:13.961] [Server thread/WARN] [net.minecraft.server.network.ServerGamePacketListenerImpl/]: ShonA was kicked for floating too long!
[26Jun2025 00:28:14.012] [Server thread/WARN] [net.minecraft.server.network.ServerGamePacketListenerImpl/]: ShonA was kicked for floating too long!
[26Jun2025 00:28:14.069] [Server thread/WARN] [net.minecraft.server.network.ServerGamePacketListenerImpl/]: ShonA was kicked for floating too long!
[26Jun2025 00:28:14.119] [Server thread/WARN] [net.minecraft.server.network.ServerGamePacketListenerImpl/]: ShonA was kicked for floating too long!
[26Jun2025 00:28:14.161] [Server thread/WARN] [net.minecraft.server.network.ServerGamePacketListenerImpl/]: ShonA was kicked for floating too long!
[26Jun2025 00:28:14.217] [Server thread/WARN] [net.minecraft.server.network.ServerGamePacketListenerImpl/]: ShonA was kicked for floating too long!
[26Jun2025 00:28:14.263] [Server thread/WARN] [net.minecraft.server.network.ServerGamePacketListenerImpl/]: ShonA was kicked for floating too long!
[26Jun2025 00:28:14.312] [Server thread/WARN] [net.minecraft.server.network.ServerGamePacketListenerImpl/]: ShonA was kicked for floating too long!
[26Jun2025 00:28:14.364] [Server thread/WARN] [net.minecraft.server.network.ServerGamePacketListenerImpl/]: ShonA was kicked for floating too long!
[26Jun2025 00:28:14.410] [Server thread/WARN] [net.minecraft.server.network.ServerGamePacketListenerImpl/]: ShonA was kicked for floating too long!
[26Jun2025 00:28:14.464] [Server thread/WARN] [net.minecraft.server.network.ServerGamePacketListenerImpl/]: ShonA was kicked for floating too long!
[26Jun2025 00:28:14.515] [Server thread/WARN] [net.minecraft.server.network.ServerGamePacketListenerImpl/]: ShonA was kicked for floating too long!
[26Jun2025 00:28:14.565] [Server thread/WARN] [net.minecraft.server.network.ServerGamePacketListenerImpl/]: ShonA was kicked for floating too long!
[26Jun2025 00:28:14.614] [Server thread/WARN] [net.minecraft.server.network.ServerGamePacketListenerImpl/]: ShonA was kicked for floating too long!
[26Jun2025 00:28:14.663] [Server thread/WARN] [net.minecraft.server.network.ServerGamePacketListenerImpl/]: ShonA was kicked for floating too long!
[26Jun2025 00:28:14.715] [Server thread/WARN] [net.minecraft.server.network.ServerGamePacketListenerImpl/]: ShonA was kicked for floating too long!
[26Jun2025 00:28:14.774] [Server thread/WARN] [net.minecraft.server.network.ServerGamePacketListenerImpl/]: ShonA was kicked for floating too long!
[26Jun2025 00:28:14.815] [Server thread/WARN] [net.minecraft.server.network.ServerGamePacketListenerImpl/]: ShonA was kicked for floating too long!
[26Jun2025 00:28:14.870] [Server thread/WARN] [net.minecraft.server.network.ServerGamePacketListenerImpl/]: ShonA was kicked for floating too long!
[26Jun2025 00:28:14.912] [Server thread/WARN] [net.minecraft.server.network.ServerGamePacketListenerImpl/]: ShonA was kicked for floating too long!
[26Jun2025 00:28:14.966] [Server thread/WARN] [net.minecraft.server.network.ServerGamePacketListenerImpl/]: ShonA was kicked for floating too long!
[26Jun2025 00:28:15.015] [Server thread/WARN] [net.minecraft.server.network.ServerGamePacketListenerImpl/]: ShonA was kicked for floating too long!
[26Jun2025 00:28:15.060] [Server thread/WARN] [net.minecraft.server.network.ServerGamePacketListenerImpl/]: ShonA was kicked for floating too long!
[26Jun2025 00:28:15.113] [Server thread/WARN] [net.minecraft.server.network.ServerGamePacketListenerImpl/]: ShonA was kicked for floating too long!
[26Jun2025 00:28:15.164] [Server thread/WARN] [net.minecraft.server.network.ServerGamePacketListenerImpl/]: ShonA was kicked for floating too long!
[26Jun2025 00:28:15.213] [Server thread/WARN] [net.minecraft.server.network.ServerGamePacketListenerImpl/]: ShonA was kicked for floating too long!
[26Jun2025 00:28:15.262] [Server thread/WARN] [net.minecraft.server.network.ServerGamePacketListenerImpl/]: ShonA was kicked for floating too long!
[26Jun2025 00:28:15.317] [Server thread/WARN] [net.minecraft.server.network.ServerGamePacketListenerImpl/]: ShonA was kicked for floating too long!
[26Jun2025 00:28:15.372] [Server thread/WARN] [net.minecraft.server.network.ServerGamePacketListenerImpl/]: ShonA was kicked for floating too long!
[26Jun2025 00:28:15.418] [Server thread/WARN] [net.minecraft.server.network.ServerGamePacketListenerImpl/]: ShonA was kicked for floating too long!
[26Jun2025 00:28:15.465] [Server thread/WARN] [net.minecraft.server.network.ServerGamePacketListenerImpl/]: ShonA was kicked for floating too long!
[26Jun2025 00:28:15.515] [Server thread/WARN] [net.minecraft.server.network.ServerGamePacketListenerImpl/]: ShonA was kicked for floating too long!
[26Jun2025 00:28:15.566] [Server thread/WARN] [net.minecraft.server.network.ServerGamePacketListenerImpl/]: ShonA was kicked for floating too long!
[26Jun2025 00:28:15.610] [Server thread/WARN] [net.minecraft.server.network.ServerGamePacketListenerImpl/]: ShonA was kicked for floating too long!
[26Jun2025 00:28:15.664] [Server thread/WARN] [net.minecraft.server.network.ServerGamePacketListenerImpl/]: ShonA was kicked for floating too long!
[26Jun2025 00:28:15.723] [Server thread/WARN] [net.minecraft.server.network.ServerGamePacketListenerImpl/]: ShonA was kicked for floating too long!
[26Jun2025 00:28:15.762] [Server thread/WARN] [net.minecraft.server.network.ServerGamePacketListenerImpl/]: ShonA was kicked for floating too long!
[26Jun2025 00:28:15.812] [Server thread/WARN] [net.minecraft.server.network.ServerGamePacketListenerImpl/]: ShonA was kicked for floating too long!
[26Jun2025 00:28:15.865] [Server thread/WARN] [net.minecraft.server.network.ServerGamePacketListenerImpl/]: ShonA was kicked for floating too long!
[26Jun2025 00:28:15.913] [Server thread/WARN] [net.minecraft.server.network.ServerGamePacketListenerImpl/]: ShonA was kicked for floating too long!
[26Jun2025 00:28:15.964] [Server thread/WARN] [net.minecraft.server.network.ServerGamePacketListenerImpl/]: ShonA was kicked for floating too long!
[26Jun2025 00:28:16.015] [Server thread/WARN] [net.minecraft.server.network.ServerGamePacketListenerImpl/]: ShonA was kicked for floating too long!
[26Jun2025 00:28:16.065] [Server thread/WARN] [net.minecraft.server.network.ServerGamePacketListenerImpl/]: ShonA was kicked for floating too long!
[26Jun2025 00:28:16.114] [Server thread/WARN] [net.minecraft.server.network.ServerGamePacketListenerImpl/]: ShonA was kicked for floating too long!
[26Jun2025 00:28:16.164] [Server thread/WARN] [net.minecraft.server.network.ServerGamePacketListenerImpl/]: ShonA was kicked for floating too long!
[26Jun2025 00:28:16.217] [Server thread/WARN] [net.minecraft.server.network.ServerGamePacketListenerImpl/]: ShonA was kicked for floating too long!
[26Jun2025 00:28:16.263] [Server thread/WARN] [net.minecraft.server.network.ServerGamePacketListenerImpl/]: ShonA was kicked for floating too long!
[26Jun2025 00:28:16.311] [Server thread/WARN] [net.minecraft.server.network.ServerGamePacketListenerImpl/]: ShonA was kicked for floating too long!
[26Jun2025 00:28:16.364] [Server thread/WARN] [net.minecraft.server.network.ServerGamePacketListenerImpl/]: ShonA was kicked for floating too long!
[26Jun2025 00:28:16.410] [Server thread/WARN] [net.minecraft.server.network.ServerGamePacketListenerImpl/]: ShonA was kicked for floating too long!
[26Jun2025 00:28:16.464] [Server thread/WARN] [net.minecraft.server.network.ServerGamePacketListenerImpl/]: ShonA was kicked for floating too long!
[26Jun2025 00:28:16.515] [Server thread/WARN] [net.minecraft.server.network.ServerGamePacketListenerImpl/]: ShonA was kicked for floating too long!
[26Jun2025 00:28:16.571] [Server thread/WARN] [net.minecraft.server.network.ServerGamePacketListenerImpl/]: ShonA was kicked for floating too long!
[26Jun2025 00:28:16.623] [Server thread/WARN] [net.minecraft.server.network.ServerGamePacketListenerImpl/]: ShonA was kicked for floating too long!
[26Jun2025 00:28:16.671] [Server thread/WARN] [net.minecraft.server.network.ServerGamePacketListenerImpl/]: ShonA was kicked for floating too long!
[26Jun2025 00:28:16.718] [Server thread/WARN] [net.minecraft.server.network.ServerGamePacketListenerImpl/]: ShonA was kicked for floating too long!
[26Jun2025 00:28:16.770] [Server thread/WARN] [net.minecraft.server.network.ServerGamePacketListenerImpl/]: ShonA was kicked for floating too long!
[26Jun2025 00:28:16.828] [Server thread/WARN] [net.minecraft.server.network.ServerGamePacketListenerImpl/]: ShonA was kicked for floating too long!
[26Jun2025 00:28:16.864] [Server thread/WARN] [net.minecraft.server.network.ServerGamePacketListenerImpl/]: ShonA was kicked for floating too long!
[26Jun2025 00:28:16.915] [Server thread/WARN] [net.minecraft.server.network.ServerGamePacketListenerImpl/]: ShonA was kicked for floating too long!
[26Jun2025 00:28:16.960] [Server thread/WARN] [net.minecraft.server.network.ServerGamePacketListenerImpl/]: ShonA was kicked for floating too long!
[26Jun2025 00:28:17.019] [Server thread/WARN] [net.minecraft.server.network.ServerGamePacketListenerImpl/]: ShonA was kicked for floating too long!
[26Jun2025 00:28:17.117] [Server thread/WARN] [net.minecraft.server.network.ServerGamePacketListenerImpl/]: ShonA was kicked for floating too long!
[26Jun2025 00:28:17.146] [Server thread/WARN] [net.minecraft.server.network.ServerGamePacketListenerImpl/]: ShonA was kicked for floating too long!
[26Jun2025 00:28:17.185] [Server thread/WARN] [net.minecraft.server.network.ServerGamePacketListenerImpl/]: ShonA was kicked for floating too long!
[26Jun2025 00:28:17.224] [Server thread/WARN] [net.minecraft.server.network.ServerGamePacketListenerImpl/]: ShonA was kicked for floating too long!
[26Jun2025 00:28:17.266] [Server thread/WARN] [net.minecraft.server.network.ServerGamePacketListenerImpl/]: ShonA was kicked for floating too long!
[26Jun2025 00:28:17.315] [Server thread/WARN] [net.minecraft.server.network.ServerGamePacketListenerImpl/]: ShonA was kicked for floating too long!
[26Jun2025 00:28:17.364] [Server thread/WARN] [net.minecraft.server.network.ServerGamePacketListenerImpl/]: ShonA was kicked for floating too long!
[26Jun2025 00:28:17.408] [Server thread/WARN] [net.minecraft.server.network.ServerGamePacketListenerImpl/]: ShonA was kicked for floating too long!
[26Jun2025 00:28:17.462] [Server thread/WARN] [net.minecraft.server.network.ServerGamePacketListenerImpl/]: ShonA was kicked for floating too long!
[26Jun2025 00:28:17.514] [Server thread/WARN] [net.minecraft.server.network.ServerGamePacketListenerImpl/]: ShonA was kicked for floating too long!
[26Jun2025 00:28:17.562] [Server thread/WARN] [net.minecraft.server.network.ServerGamePacketListenerImpl/]: ShonA was kicked for floating too long!
[26Jun2025 00:28:17.611] [Server thread/WARN] [net.minecraft.server.network.ServerGamePacketListenerImpl/]: ShonA was kicked for floating too long!
[26Jun2025 00:28:17.660] [Server thread/WARN] [net.minecraft.server.network.ServerGamePacketListenerImpl/]: ShonA was kicked for floating too long!
[26Jun2025 00:28:17.713] [Server thread/WARN] [net.minecraft.server.network.ServerGamePacketListenerImpl/]: ShonA was kicked for floating too long!
[26Jun2025 00:28:17.765] [Server thread/WARN] [net.minecraft.server.network.ServerGamePacketListenerImpl/]: ShonA was kicked for floating too long!
[26Jun2025 00:28:17.812] [Server thread/WARN] [net.minecraft.server.network.ServerGamePacketListenerImpl/]: ShonA was kicked for floating too long!
[26Jun2025 00:28:17.862] [Server thread/WARN] [net.minecraft.server.network.ServerGamePacketListenerImpl/]: ShonA was kicked for floating too long!
[26Jun2025 00:28:17.909] [Server thread/WARN] [net.minecraft.server.network.ServerGamePacketListenerImpl/]: ShonA was kicked for floating too long!
[26Jun2025 00:28:17.960] [Server thread/WARN] [net.minecraft.server.network.ServerGamePacketListenerImpl/]: ShonA was kicked for floating too long!
[26Jun2025 00:28:18.011] [Server thread/WARN] [net.minecraft.server.network.ServerGamePacketListenerImpl/]: ShonA was kicked for floating too long!
[26Jun2025 00:28:18.064] [Server thread/WARN] [net.minecraft.server.network.ServerGamePacketListenerImpl/]: ShonA was kicked for floating too long!
[26Jun2025 00:28:18.115] [Server thread/WARN] [net.minecraft.server.network.ServerGamePacketListenerImpl/]: ShonA was kicked for floating too long!
[26Jun2025 00:28:18.164] [Server thread/WARN] [net.minecraft.server.network.ServerGamePacketListenerImpl/]: ShonA was kicked for floating too long!
[26Jun2025 00:28:18.214] [Server thread/WARN] [net.minecraft.server.network.ServerGamePacketListenerImpl/]: ShonA was kicked for floating too long!
[26Jun2025 00:28:18.263] [Server thread/WARN] [net.minecraft.server.network.ServerGamePacketListenerImpl/]: ShonA was kicked for floating too long!
[26Jun2025 00:28:18.315] [Server thread/WARN] [net.minecraft.server.network.ServerGamePacketListenerImpl/]: ShonA was kicked for floating too long!
[26Jun2025 00:28:18.362] [Server thread/WARN] [net.minecraft.server.network.ServerGamePacketListenerImpl/]: ShonA was kicked for floating too long!
[26Jun2025 00:28:18.409] [Server thread/WARN] [net.minecraft.server.network.ServerGamePacketListenerImpl/]: ShonA was kicked for floating too long!
[26Jun2025 00:28:18.470] [Server thread/WARN] [net.minecraft.server.network.ServerGamePacketListenerImpl/]: ShonA was kicked for floating too long!
[26Jun2025 00:28:18.513] [Server thread/WARN] [net.minecraft.server.network.ServerGamePacketListenerImpl/]: ShonA was kicked for floating too long!
[26Jun2025 00:28:18.572] [Server thread/WARN] [net.minecraft.server.network.ServerGamePacketListenerImpl/]: ShonA was kicked for floating too long!
[26Jun2025 00:28:18.610] [Server thread/WARN] [net.minecraft.server.network.ServerGamePacketListenerImpl/]: ShonA was kicked for floating too long!
[26Jun2025 00:28:18.662] [Server thread/WARN] [net.minecraft.server.network.ServerGamePacketListenerImpl/]: ShonA was kicked for floating too long!
[26Jun2025 00:28:18.715] [Server thread/WARN] [net.minecraft.server.network.ServerGamePacketListenerImpl/]: ShonA was kicked for floating too long!
[26Jun2025 00:28:18.761] [Server thread/WARN] [net.minecraft.server.network.ServerGamePacketListenerImpl/]: ShonA was kicked for floating too long!
[26Jun2025 00:28:18.815] [Server thread/WARN] [net.minecraft.server.network.ServerGamePacketListenerImpl/]: ShonA was kicked for floating too long!
[26Jun2025 00:28:18.872] [Server thread/WARN] [net.minecraft.server.network.ServerGamePacketListenerImpl/]: ShonA was kicked for floating too long!
[26Jun2025 00:28:18.918] [Server thread/WARN] [net.minecraft.server.network.ServerGamePacketListenerImpl/]: ShonA was kicked for floating too long!
[26Jun2025 00:28:18.974] [Server thread/WARN] [net.minecraft.server.network.ServerGamePacketListenerImpl/]: ShonA was kicked for floating too long!
[26Jun2025 00:28:19.011] [Server thread/WARN] [net.minecraft.server.network.ServerGamePacketListenerImpl/]: ShonA was kicked for floating too long!
[26Jun2025 00:28:19.060] [Server thread/WARN] [net.minecraft.server.network.ServerGamePacketListenerImpl/]: ShonA was kicked for floating too long!
[26Jun2025 00:28:19.110] [Server thread/WARN] [net.minecraft.server.network.ServerGamePacketListenerImpl/]: ShonA was kicked for floating too long!
[26Jun2025 00:28:19.160] [Server thread/WARN] [net.minecraft.server.network.ServerGamePacketListenerImpl/]: ShonA was kicked for floating too long!
[26Jun2025 00:28:19.215] [Server thread/WARN] [net.minecraft.server.network.ServerGamePacketListenerImpl/]: ShonA was kicked for floating too long!
[26Jun2025 00:28:19.264] [Server thread/WARN] [net.minecraft.server.network.ServerGamePacketListenerImpl/]: ShonA was kicked for floating too long!
[26Jun2025 00:28:19.317] [Server thread/WARN] [net.minecraft.server.network.ServerGamePacketListenerImpl/]: ShonA was kicked for floating too long!
[26Jun2025 00:28:19.362] [Server thread/WARN] [net.minecraft.server.network.ServerGamePacketListenerImpl/]: ShonA was kicked for floating too long!
[26Jun2025 00:28:19.410] [Server thread/WARN] [net.minecraft.server.network.ServerGamePacketListenerImpl/]: ShonA was kicked for floating too long!
[26Jun2025 00:28:19.464] [Server thread/WARN] [net.minecraft.server.network.ServerGamePacketListenerImpl/]: ShonA was kicked for floating too long!
[26Jun2025 00:28:19.515] [Server thread/WARN] [net.minecraft.server.network.ServerGamePacketListenerImpl/]: ShonA was kicked for floating too long!
[26Jun2025 00:28:19.565] [Server thread/WARN] [net.minecraft.server.network.ServerGamePacketListenerImpl/]: ShonA was kicked for floating too long!
[26Jun2025 00:28:19.616] [Server thread/WARN] [net.minecraft.server.network.ServerGamePacketListenerImpl/]: ShonA was kicked for floating too long!
[26Jun2025 00:28:19.666] [Server thread/WARN] [net.minecraft.server.network.ServerGamePacketListenerImpl/]: ShonA was kicked for floating too long!
[26Jun2025 00:28:19.714] [Server thread/WARN] [net.minecraft.server.network.ServerGamePacketListenerImpl/]: ShonA was kicked for floating too long!
[26Jun2025 00:28:19.764] [Server thread/WARN] [net.minecraft.server.network.ServerGamePacketListenerImpl/]: ShonA was kicked for floating too long!
[26Jun2025 00:28:19.815] [Server thread/WARN] [net.minecraft.server.network.ServerGamePacketListenerImpl/]: ShonA was kicked for floating too long!
[26Jun2025 00:28:19.874] [Server thread/WARN] [net.minecraft.server.network.ServerGamePacketListenerImpl/]: ShonA was kicked for floating too long!
[26Jun2025 00:28:19.928] [Server thread/WARN] [net.minecraft.server.network.ServerGamePacketListenerImpl/]: ShonA was kicked for floating too long!
[26Jun2025 00:28:19.978] [Server thread/WARN] [net.minecraft.server.network.ServerGamePacketListenerImpl/]: ShonA was kicked for floating too long!
[26Jun2025 00:28:20.019] [Server thread/WARN] [net.minecraft.server.network.ServerGamePacketListenerImpl/]: ShonA was kicked for floating too long!
[26Jun2025 00:28:20.068] [Server thread/WARN] [net.minecraft.server.network.ServerGamePacketListenerImpl/]: ShonA was kicked for floating too long!
[26Jun2025 00:28:20.113] [Server thread/WARN] [net.minecraft.server.network.ServerGamePacketListenerImpl/]: ShonA was kicked for floating too long!
[26Jun2025 00:28:20.166] [Server thread/WARN] [net.minecraft.server.network.ServerGamePacketListenerImpl/]: ShonA was kicked for floating too long!
[26Jun2025 00:28:20.217] [Server thread/WARN] [net.minecraft.server.network.ServerGamePacketListenerImpl/]: ShonA was kicked for floating too long!
[26Jun2025 00:28:20.268] [Server thread/WARN] [net.minecraft.server.network.ServerGamePacketListenerImpl/]: ShonA was kicked for floating too long!
[26Jun2025 00:28:20.311] [Server thread/WARN] [net.minecraft.server.network.ServerGamePacketListenerImpl/]: ShonA was kicked for floating too long!
[26Jun2025 00:28:20.363] [Server thread/WARN] [net.minecraft.server.network.ServerGamePacketListenerImpl/]: ShonA was kicked for floating too long!
[26Jun2025 00:28:20.413] [Server thread/WARN] [net.minecraft.server.network.ServerGamePacketListenerImpl/]: ShonA was kicked for floating too long!
[26Jun2025 00:28:20.463] [Server thread/WARN] [net.minecraft.server.network.ServerGamePacketListenerImpl/]: ShonA was kicked for floating too long!
[26Jun2025 00:28:20.519] [Server thread/WARN] [net.minecraft.server.network.ServerGamePacketListenerImpl/]: ShonA was kicked for floating too long!
[26Jun2025 00:28:20.579] [Server thread/WARN] [net.minecraft.server.network.ServerGamePacketListenerImpl/]: ShonA was kicked for floating too long!
[26Jun2025 00:28:20.620] [Server thread/WARN] [net.minecraft.server.network.ServerGamePacketListenerImpl/]: ShonA was kicked for floating too long!
[26Jun2025 00:28:20.671] [Server thread/WARN] [net.minecraft.server.network.ServerGamePacketListenerImpl/]: ShonA was kicked for floating too long!
[26Jun2025 00:28:20.712] [Server thread/WARN] [net.minecraft.server.network.ServerGamePacketListenerImpl/]: ShonA was kicked for floating too long!
[26Jun2025 00:28:20.772] [Server thread/WARN] [net.minecraft.server.network.ServerGamePacketListenerImpl/]: ShonA was kicked for floating too long!
[26Jun2025 00:28:20.814] [Server thread/WARN] [net.minecraft.server.network.ServerGamePacketListenerImpl/]: ShonA was kicked for floating too long!
[26Jun2025 00:28:20.868] [Server thread/WARN] [net.minecraft.server.network.ServerGamePacketListenerImpl/]: ShonA was kicked for floating too long!
[26Jun2025 00:28:20.922] [Server thread/WARN] [net.minecraft.server.network.ServerGamePacketListenerImpl/]: ShonA was kicked for floating too long!
[26Jun2025 00:28:20.973] [Server thread/WARN] [net.minecraft.server.network.ServerGamePacketListenerImpl/]: ShonA was kicked for floating too long!
[26Jun2025 00:28:21.014] [Server thread/WARN] [net.minecraft.server.network.ServerGamePacketListenerImpl/]: ShonA was kicked for floating too long!
[26Jun2025 00:28:21.073] [Server thread/WARN] [net.minecraft.server.network.ServerGamePacketListenerImpl/]: ShonA was kicked for floating too long!
[26Jun2025 00:28:21.119] [Server thread/WARN] [net.minecraft.server.network.ServerGamePacketListenerImpl/]: ShonA was kicked for floating too long!
[26Jun2025 00:28:21.164] [Server thread/WARN] [net.minecraft.server.network.ServerGamePacketListenerImpl/]: ShonA was kicked for floating too long!
[26Jun2025 00:28:21.213] [Server thread/WARN] [net.minecraft.server.network.ServerGamePacketListenerImpl/]: ShonA was kicked for floating too long!
[26Jun2025 00:28:21.265] [Server thread/WARN] [net.minecraft.server.network.ServerGamePacketListenerImpl/]: ShonA was kicked for floating too long!
[26Jun2025 00:28:21.315] [Server thread/WARN] [net.minecraft.server.network.ServerGamePacketListenerImpl/]: ShonA was kicked for floating too long!
[26Jun2025 00:28:21.364] [Server thread/WARN] [net.minecraft.server.network.ServerGamePacketListenerImpl/]: ShonA was kicked for floating too long!
[26Jun2025 00:28:21.414] [Server thread/WARN] [net.minecraft.server.network.ServerGamePacketListenerImpl/]: ShonA was kicked for floating too long!
[26Jun2025 00:28:21.472] [Server thread/WARN] [net.minecraft.server.network.ServerGamePacketListenerImpl/]: ShonA was kicked for floating too long!
[26Jun2025 00:28:21.513] [Server thread/WARN] [net.minecraft.server.network.ServerGamePacketListenerImpl/]: ShonA was kicked for floating too long!
[26Jun2025 00:28:21.566] [Server thread/WARN] [net.minecraft.server.network.ServerGamePacketListenerImpl/]: ShonA was kicked for floating too long!
[26Jun2025 00:28:21.612] [Server thread/WARN] [net.minecraft.server.network.ServerGamePacketListenerImpl/]: ShonA was kicked for floating too long!
[26Jun2025 00:28:21.666] [Server thread/WARN] [net.minecraft.server.network.ServerGamePacketListenerImpl/]: ShonA was kicked for floating too long!
[26Jun2025 00:28:21.717] [Server thread/WARN] [net.minecraft.server.network.ServerGamePacketListenerImpl/]: ShonA was kicked for floating too long!
[26Jun2025 00:28:21.764] [Server thread/WARN] [net.minecraft.server.network.ServerGamePacketListenerImpl/]: ShonA was kicked for floating too long!
[26Jun2025 00:28:21.812] [Server thread/WARN] [net.minecraft.server.network.ServerGamePacketListenerImpl/]: ShonA was kicked for floating too long!
[26Jun2025 00:28:21.860] [Server thread/WARN] [net.minecraft.server.network.ServerGamePacketListenerImpl/]: ShonA was kicked for floating too long!
[26Jun2025 00:28:21.914] [Server thread/WARN] [net.minecraft.server.network.ServerGamePacketListenerImpl/]: ShonA was kicked for floating too long!
[26Jun2025 00:28:21.963] [Server thread/WARN] [net.minecraft.server.network.ServerGamePacketListenerImpl/]: ShonA was kicked for floating too long!
[26Jun2025 00:28:22.013] [Server thread/WARN] [net.minecraft.server.network.ServerGamePacketListenerImpl/]: ShonA was kicked for floating too long!
[26Jun2025 00:28:22.062] [Server thread/WARN] [net.minecraft.server.network.ServerGamePacketListenerImpl/]: ShonA was kicked for floating too long!
[26Jun2025 00:28:22.117] [Server thread/WARN] [net.minecraft.server.network.ServerGamePacketListenerImpl/]: ShonA was kicked for floating too long!
[26Jun2025 00:28:22.164] [Server thread/WARN] [net.minecraft.server.network.ServerGamePacketListenerImpl/]: ShonA was kicked for floating too long!
[26Jun2025 00:28:22.215] [Server thread/WARN] [net.minecraft.server.network.ServerGamePacketListenerImpl/]: ShonA was kicked for floating too long!
[26Jun2025 00:28:22.264] [Server thread/WARN] [net.minecraft.server.network.ServerGamePacketListenerImpl/]: ShonA was kicked for floating too long!
[26Jun2025 00:28:22.313] [Server thread/WARN] [net.minecraft.server.network.ServerGamePacketListenerImpl/]: ShonA was kicked for floating too long!
[26Jun2025 00:28:22.362] [Server thread/WARN] [net.minecraft.server.network.ServerGamePacketListenerImpl/]: ShonA was kicked for floating too long!
[26Jun2025 00:28:22.416] [Server thread/WARN] [net.minecraft.server.network.ServerGamePacketListenerImpl/]: ShonA was kicked for floating too long!
[26Jun2025 00:28:22.464] [Server thread/WARN] [net.minecraft.server.network.ServerGamePacketListenerImpl/]: ShonA was kicked for floating too long!
[26Jun2025 00:28:22.509] [Server thread/WARN] [net.minecraft.server.network.ServerGamePacketListenerImpl/]: ShonA was kicked for floating too long!
[26Jun2025 00:28:22.560] [Server thread/WARN] [net.minecraft.server.network.ServerGamePacketListenerImpl/]: ShonA was kicked for floating too long!
[26Jun2025 00:28:22.609] [Server thread/WARN] [net.minecraft.server.network.ServerGamePacketListenerImpl/]: ShonA was kicked for floating too long!
[26Jun2025 00:28:22.668] [Server thread/WARN] [net.minecraft.server.network.ServerGamePacketListenerImpl/]: ShonA was kicked for floating too long!
[26Jun2025 00:28:22.712] [Server thread/WARN] [net.minecraft.server.network.ServerGamePacketListenerImpl/]: ShonA was kicked for floating too long!
[26Jun2025 00:28:22.762] [Server thread/WARN] [net.minecraft.server.network.ServerGamePacketListenerImpl/]: ShonA was kicked for floating too long!
[26Jun2025 00:28:22.813] [Server thread/WARN] [net.minecraft.server.network.ServerGamePacketListenerImpl/]: ShonA was kicked for floating too long!
[26Jun2025 00:28:22.863] [Server thread/WARN] [net.minecraft.server.network.ServerGamePacketListenerImpl/]: ShonA was kicked for floating too long!
[26Jun2025 00:28:22.913] [Server thread/WARN] [net.minecraft.server.network.ServerGamePacketListenerImpl/]: ShonA was kicked for floating too long!
[26Jun2025 00:28:22.967] [Server thread/WARN] [net.minecraft.server.network.ServerGamePacketListenerImpl/]: ShonA was kicked for floating too long!
[26Jun2025 00:28:23.015] [Server thread/WARN] [net.minecraft.server.network.ServerGamePacketListenerImpl/]: ShonA was kicked for floating too long!
[26Jun2025 00:28:23.072] [Server thread/WARN] [net.minecraft.server.network.ServerGamePacketListenerImpl/]: ShonA was kicked for floating too long!
[26Jun2025 00:28:23.119] [Server thread/WARN] [net.minecraft.server.network.ServerGamePacketListenerImpl/]: ShonA was kicked for floating too long!
[26Jun2025 00:28:23.165] [Server thread/WARN] [net.minecraft.server.network.ServerGamePacketListenerImpl/]: ShonA was kicked for floating too long!
[26Jun2025 00:28:23.228] [Server thread/WARN] [net.minecraft.server.network.ServerGamePacketListenerImpl/]: ShonA was kicked for floating too long!
[26Jun2025 00:28:23.265] [Server thread/WARN] [net.minecraft.server.network.ServerGamePacketListenerImpl/]: ShonA was kicked for floating too long!
[26Jun2025 00:28:23.318] [Server thread/WARN] [net.minecraft.server.network.ServerGamePacketListenerImpl/]: ShonA was kicked for floating too long!
[26Jun2025 00:28:23.370] [Server thread/WARN] [net.minecraft.server.network.ServerGamePacketListenerImpl/]: ShonA was kicked for floating too long!
[26Jun2025 00:28:23.418] [Server thread/WARN] [net.minecraft.server.network.ServerGamePacketListenerImpl/]: ShonA was kicked for floating too long!
[26Jun2025 00:28:23.470] [Server thread/WARN] [net.minecraft.server.network.ServerGamePacketListenerImpl/]: ShonA was kicked for floating too long!
[26Jun2025 00:28:23.509] [Server thread/WARN] [net.minecraft.server.network.ServerGamePacketListenerImpl/]: ShonA was kicked for floating too long!
[26Jun2025 00:28:23.563] [Server thread/WARN] [net.minecraft.server.network.ServerGamePacketListenerImpl/]: ShonA was kicked for floating too long!
[26Jun2025 00:28:23.609] [Server thread/WARN] [net.minecraft.server.network.ServerGamePacketListenerImpl/]: ShonA was kicked for floating too long!
[26Jun2025 00:28:23.659] [Server thread/WARN] [net.minecraft.server.network.ServerGamePacketListenerImpl/]: ShonA was kicked for floating too long!
[26Jun2025 00:28:23.711] [Server thread/WARN] [net.minecraft.server.network.ServerGamePacketListenerImpl/]: ShonA was kicked for floating too long!
[26Jun2025 00:28:23.762] [Server thread/WARN] [net.minecraft.server.network.ServerGamePacketListenerImpl/]: ShonA was kicked for floating too long!
[26Jun2025 00:28:23.815] [Server thread/WARN] [net.minecraft.server.network.ServerGamePacketListenerImpl/]: ShonA was kicked for floating too long!
[26Jun2025 00:28:23.863] [Server thread/WARN] [net.minecraft.server.network.ServerGamePacketListenerImpl/]: ShonA was kicked for floating too long!
[26Jun2025 00:28:23.915] [Server thread/WARN] [net.minecraft.server.network.ServerGamePacketListenerImpl/]: ShonA was kicked for floating too long!
[26Jun2025 00:28:23.966] [Server thread/WARN] [net.minecraft.server.network.ServerGamePacketListenerImpl/]: ShonA was kicked for floating too long!
[26Jun2025 00:28:24.017] [Server thread/WARN] [net.minecraft.server.network.ServerGamePacketListenerImpl/]: ShonA was kicked for floating too long!
[26Jun2025 00:28:24.060] [Server thread/WARN] [net.minecraft.server.network.ServerGamePacketListenerImpl/]: ShonA was kicked for floating too long!
[26Jun2025 00:28:24.114] [Server thread/WARN] [net.minecraft.server.network.ServerGamePacketListenerImpl/]: ShonA was kicked for floating too long!
[26Jun2025 00:28:24.163] [Server thread/WARN] [net.minecraft.server.network.ServerGamePacketListenerImpl/]: ShonA was kicked for floating too long!
[26Jun2025 00:28:24.213] [Server thread/WARN] [net.minecraft.server.network.ServerGamePacketListenerImpl/]: ShonA was kicked for floating too long!
[26Jun2025 00:28:24.261] [Server thread/WARN] [net.minecraft.server.network.ServerGamePacketListenerImpl/]: ShonA was kicked for floating too long!
[26Jun2025 00:28:24.314] [Server thread/WARN] [net.minecraft.server.network.ServerGamePacketListenerImpl/]: ShonA was kicked for floating too long!
[26Jun2025 00:28:24.361] [Server thread/WARN] [net.minecraft.server.network.ServerGamePacketListenerImpl/]: ShonA was kicked for floating too long!
[26Jun2025 00:28:24.410] [Server thread/WARN] [net.minecraft.server.network.ServerGamePacketListenerImpl/]: ShonA was kicked for floating too long!
[26Jun2025 00:28:24.463] [Server thread/WARN] [net.minecraft.server.network.ServerGamePacketListenerImpl/]: ShonA was kicked for floating too long!
[26Jun2025 00:28:24.514] [Server thread/WARN] [net.minecraft.server.network.ServerGamePacketListenerImpl/]: ShonA was kicked for floating too long!
[26Jun2025 00:28:24.560] [Server thread/WARN] [net.minecraft.server.network.ServerGamePacketListenerImpl/]: ShonA was kicked for floating too long!
[26Jun2025 00:28:24.621] [Server thread/WARN] [net.minecraft.server.network.ServerGamePacketListenerImpl/]: ShonA was kicked for floating too long!
[26Jun2025 00:28:24.663] [Server thread/WARN] [net.minecraft.server.network.ServerGamePacketListenerImpl/]: ShonA was kicked for floating too long!
[26Jun2025 00:28:24.714] [Server thread/WARN] [net.minecraft.server.network.ServerGamePacketListenerImpl/]: ShonA was kicked for floating too long!
[26Jun2025 00:28:24.762] [Server thread/WARN] [net.minecraft.server.network.ServerGamePacketListenerImpl/]: ShonA was kicked for floating too long!
[26Jun2025 00:28:24.818] [Server thread/WARN] [net.minecraft.server.network.ServerGamePacketListenerImpl/]: ShonA was kicked for floating too long!
[26Jun2025 00:28:24.862] [Server thread/WARN] [net.minecraft.server.network.ServerGamePacketListenerImpl/]: ShonA was kicked for floating too long!
[26Jun2025 00:28:24.913] [Server thread/WARN] [net.minecraft.server.network.ServerGamePacketListenerImpl/]: ShonA was kicked for floating too long!
[26Jun2025 00:28:24.962] [Server thread/WARN] [net.minecraft.server.network.ServerGamePacketListenerImpl/]: ShonA was kicked for floating too long!
[26Jun2025 00:28:25.015] [Server thread/WARN] [net.minecraft.server.network.ServerGamePacketListenerImpl/]: ShonA was kicked for floating too long!
[26Jun2025 00:28:25.070] [Server thread/WARN] [net.minecraft.server.network.ServerGamePacketListenerImpl/]: ShonA was kicked for floating too long!
[26Jun2025 00:28:25.111] [Server thread/WARN] [net.minecraft.server.network.ServerGamePacketListenerImpl/]: ShonA was kicked for floating too long!
[26Jun2025 00:28:25.162] [Server thread/WARN] [net.minecraft.server.network.ServerGamePacketListenerImpl/]: ShonA was kicked for floating too long!
[26Jun2025 00:28:25.215] [Server thread/WARN] [net.minecraft.server.network.ServerGamePacketListenerImpl/]: ShonA was kicked for floating too long!
[26Jun2025 00:28:25.264] [Server thread/WARN] [net.minecraft.server.network.ServerGamePacketListenerImpl/]: ShonA was kicked for floating too long!
[26Jun2025 00:28:25.311] [Server thread/WARN] [net.minecraft.server.network.ServerGamePacketListenerImpl/]: ShonA was kicked for floating too long!
[26Jun2025 00:28:25.370] [Server thread/WARN] [net.minecraft.server.network.ServerGamePacketListenerImpl/]: ShonA was kicked for floating too long!
[26Jun2025 00:28:25.410] [Server thread/WARN] [net.minecraft.server.network.ServerGamePacketListenerImpl/]: ShonA was kicked for floating too long!
[26Jun2025 00:28:25.466] [Server thread/WARN] [net.minecraft.server.network.ServerGamePacketListenerImpl/]: ShonA was kicked for floating too long!
[26Jun2025 00:28:25.519] [Server thread/WARN] [net.minecraft.server.network.ServerGamePacketListenerImpl/]: ShonA was kicked for floating too long!
[26Jun2025 00:28:25.562] [Server thread/WARN] [net.minecraft.server.network.ServerGamePacketListenerImpl/]: ShonA was kicked for floating too long!
[26Jun2025 00:28:25.616] [Server thread/WARN] [net.minecraft.server.network.ServerGamePacketListenerImpl/]: ShonA was kicked for floating too long!
[26Jun2025 00:28:25.663] [Server thread/WARN] [net.minecraft.server.network.ServerGamePacketListenerImpl/]: ShonA was kicked for floating too long!
[26Jun2025 00:28:25.715] [Server thread/WARN] [net.minecraft.server.network.ServerGamePacketListenerImpl/]: ShonA was kicked for floating too long!
[26Jun2025 00:28:25.764] [Server thread/WARN] [net.minecraft.server.network.ServerGamePacketListenerImpl/]: ShonA was kicked for floating too long!
[26Jun2025 00:28:25.815] [Server thread/WARN] [net.minecraft.server.network.ServerGamePacketListenerImpl/]: ShonA was kicked for floating too long!
[26Jun2025 00:28:25.864] [Server thread/WARN] [net.minecraft.server.network.ServerGamePacketListenerImpl/]: ShonA was kicked for floating too long!
[26Jun2025 00:28:25.917] [Server thread/WARN] [net.minecraft.server.network.ServerGamePacketListenerImpl/]: ShonA was kicked for floating too long!
[26Jun2025 00:28:25.961] [Server thread/WARN] [net.minecraft.server.network.ServerGamePacketListenerImpl/]: ShonA was kicked for floating too long!
[26Jun2025 00:28:26.010] [Server thread/WARN] [net.minecraft.server.network.ServerGamePacketListenerImpl/]: ShonA was kicked for floating too long!
[26Jun2025 00:28:26.059] [Server thread/WARN] [net.minecraft.server.network.ServerGamePacketListenerImpl/]: ShonA was kicked for floating too long!
[26Jun2025 00:28:26.113] [Server thread/WARN] [net.minecraft.server.network.ServerGamePacketListenerImpl/]: ShonA was kicked for floating too long!
[26Jun2025 00:28:26.161] [Server thread/WARN] [net.minecraft.server.network.ServerGamePacketListenerImpl/]: ShonA was kicked for floating too long!
[26Jun2025 00:28:26.209] [Server thread/WARN] [net.minecraft.server.network.ServerGamePacketListenerImpl/]: ShonA was kicked for floating too long!
[26Jun2025 00:28:26.258] [Server thread/WARN] [net.minecraft.server.network.ServerGamePacketListenerImpl/]: ShonA was kicked for floating too long!
[26Jun2025 00:28:26.314] [Server thread/WARN] [net.minecraft.server.network.ServerGamePacketListenerImpl/]: ShonA was kicked for floating too long!
[26Jun2025 00:28:26.367] [Server thread/INFO] [net.minecraft.server.network.ServerGamePacketListenerImpl/]: ShonA lost connection: Flying is not enabled on this server
[26Jun2025 00:28:26.368] [Server thread/INFO] [net.minecraft.server.MinecraftServer/]: ShonA left the game
[26Jun2025 00:28:37.613] [Server thread/INFO] [net.minecraft.server.players.PlayerList/]: ShonA[/172.23.68.227:60416] logged in with entity id 35887 at (129.8574617402017, 131.0205104351847, -4738.771778032289)
[26Jun2025 00:28:37.617] [Server thread/INFO] [net.minecraft.server.MinecraftServer/]: ShonA joined the game
[26Jun2025 00:28:41.314] [Server thread/WARN] [tombstone/]: The death event of the player ShonA was canceled by another mod
[26Jun2025 00:28:41.353] [Server thread/INFO] [tombstone/]: The player ShonA has successfully been saved
[26Jun2025 00:28:55.079] [Server thread/INFO] [net.minecraft.server.MinecraftServer/]: ShonA fell from a high place
[26Jun2025 00:31:02.362] [Server thread/INFO] [net.minecraft.server.MinecraftServer/]: DjstevenZ has made the advancement [Isn't It Iron Pick]
[26Jun2025 00:31:26.285] [Server thread/INFO] [net.minecraft.server.MinecraftServer/]: FabianTc has made the advancement [Your First Receptacle]
[26Jun2025 00:35:07.772] [Server thread/INFO] [net.minecraft.server.MinecraftServer/]: Jd_tnx has made the advancement [Isn't It Iron Pick]
[26Jun2025 00:36:40.210] [Server thread/WARN] [tombstone/]: The death event of the player DjstevenZ was canceled by another mod
[26Jun2025 00:36:40.211] [Server thread/INFO] [tombstone/]: The player DjstevenZ has successfully been saved
[26Jun2025 00:37:13.866] [Server thread/INFO] [net.minecraft.server.MinecraftServer/]: DjstevenZ drowned
[26Jun2025 00:38:19.602] [Server thread/INFO] [net.minecraft.server.MinecraftServer/]: Jd_tnx has made the advancement [Cover Me with Diamonds]
[26Jun2025 00:42:35.014] [Server thread/INFO] [net.minecraft.server.MinecraftServer/]: Jd_tnx has made the advancement [Suit Up]
